111.04.04 09:06 B c:\Inetpub\wwwroot\WestBlue2010\misc\CommissionerSchedule.html <-- WestBlue Golf League /BlueGolfLeague/misc CommissionerSchedule.html
111.04.04 09:06 B c:\Inetpub\wwwroot\WestBlue2010\misc\Copy of schedule.html <-- WestBlue Golf League /BlueGolfLeague/misc Copy of schedule.html
111.04.04 09:06 B c:\Inetpub\wwwroot\WestBlue2010\misc\credits.html <-- WestBlue Golf League /BlueGolfLeague/misc credits.html
111.04.04 09:06 B c:\Inetpub\wwwroot\WestBlue2010\misc\GeneralInfo.html <-- WestBlue Golf League /BlueGolfLeague/misc GeneralInfo.html
111.04.04 09:06 B c:\Inetpub\wwwroot\WestBlue2010\misc\jobopenings.html <-- WestBlue Golf League /BlueGolfLeague/misc jobopenings.html
111.04.04 09:06 B c:\Inetpub\wwwroot\WestBlue2010\misc\MHSchedule2003.htm <-- WestBlue Golf League /BlueGolfLeague/misc MHSchedule2003.htm
111.04.04 09:06 B c:\Inetpub\wwwroot\WestBlue2010\misc\Rules.html <-- WestBlue Golf League /BlueGolfLeague/misc Rules.html
111.04.04 09:06 B c:\Inetpub\wwwroot\WestBlue2010\misc\Rulesv1.0.html <-- WestBlue Golf League /BlueGolfLeague/misc Rulesv1.0.html
111.04.04 09:06 B c:\Inetpub\wwwroot\WestBlue2010\misc\schedule.html <-- WestBlue Golf League /BlueGolfLeague/misc schedule.html
111.04.04 09:06 B c:\Inetpub\wwwroot\WestBlue2010\misc\schedule08v1.0.html <-- WestBlue Golf League /BlueGolfLeague/misc schedule08v1.0.html
111.04.04 09:06 B c:\Inetpub\wwwroot\WestBlue2010\misc\schedule08v2.0.html <-- WestBlue Golf League /BlueGolfLeague/misc schedule08v2.0.html
111.04.04 09:06 B c:\Inetpub\wwwroot\WestBlue2010\misc\schedule08v3.0.html <-- WestBlue Golf League /BlueGolfLeague/misc schedule08v3.0.html
111.04.04 09:06 B c:\Inetpub\wwwroot\WestBlue2010\misc\schedule2001.html <-- WestBlue Golf League /BlueGolfLeague/misc schedule2001.html
111.04.04 09:06 B c:\Inetpub\wwwroot\WestBlue2010\misc\schedule2002.html <-- WestBlue Golf League /BlueGolfLeague/misc schedule2002.html
111.04.04 09:06 B c:\Inetpub\wwwroot\WestBlue2010\misc\schedule2003.html <-- WestBlue Golf League /BlueGolfLeague/misc schedule2003.html
111.04.04 09:06 B c:\Inetpub\wwwroot\WestBlue2010\misc\schedule2004.html <-- WestBlue Golf League /BlueGolfLeague/misc schedule2004.html
111.04.04 09:06 B c:\Inetpub\wwwroot\WestBlue2010\misc\schedule2005.html <-- WestBlue Golf League /BlueGolfLeague/misc schedule2005.html
111.04.04 09:06 B c:\Inetpub\wwwroot\WestBlue2010\misc\schedule2006.html <-- WestBlue Golf League /BlueGolfLeague/misc schedule2006.html
111.04.04 09:06 B c:\Inetpub\wwwroot\WestBlue2010\misc\schedule2007.html <-- WestBlue Golf League /BlueGolfLeague/misc schedule2007.html
111.04.04 09:06 B c:\Inetpub\wwwroot\WestBlue2010\misc\schedule2009.html <-- WestBlue Golf League /BlueGolfLeague/misc schedule2009.html
111.04.04 09:06 B c:\Inetpub\wwwroot\WestBlue2010\misc\vssver.scc <-- WestBlue Golf League /BlueGolfLeague/misc vssver.scc
112.04.24 19:24 B c:\Inetpub\wwwroot\WestBlue2010\misc\schedule.html <-- WestBlue Golf League /BlueGolfLeague/misc schedule.html
